0 info it worked if it ends with ok
1 verbose cli [ 'F:\\wgh\\develop\\NVM\\nodejs\\node.exe',
1 verbose cli   'F:\\wgh\\develop\\NVM\\nodejs\\node_modules\\npm\\bin\\npm-cli.js',
1 verbose cli   'install',
1 verbose cli   'angular-ui-bootstrap#0.12.0',
1 verbose cli   '--save-dev' ]
2 info using npm@2.15.1
3 info using node@v4.4.4
4 verbose install initial load of F:\wgh\develop\test\package.json
5 verbose installManyTop reading scoped package data from F:\wgh\develop\test\node_modules\connect-livereload\package.json
6 verbose installManyTop reading scoped package data from F:\wgh\develop\test\node_modules\grunt\package.json
7 verbose installManyTop reading scoped package data from F:\wgh\develop\test\node_modules\grunt-autoprefixer\package.json
8 verbose installManyTop reading scoped package data from F:\wgh\develop\test\node_modules\grunt-connect-proxy2\package.json
9 verbose installManyTop reading scoped package data from F:\wgh\develop\test\node_modules\grunt-contrib-clean\package.json
10 verbose installManyTop reading scoped package data from F:\wgh\develop\test\node_modules\grunt-contrib-concat\package.json
11 verbose installManyTop reading scoped package data from F:\wgh\develop\test\node_modules\grunt-contrib-connect\package.json
12 verbose installManyTop reading scoped package data from F:\wgh\develop\test\node_modules\grunt-contrib-copy\package.json
13 verbose installManyTop reading scoped package data from F:\wgh\develop\test\node_modules\grunt-contrib-jshint\package.json
14 verbose installManyTop reading scoped package data from F:\wgh\develop\test\node_modules\grunt-contrib-less\package.json
15 verbose installManyTop reading scoped package data from F:\wgh\develop\test\node_modules\grunt-contrib-qunit\package.json
16 verbose installManyTop reading scoped package data from F:\wgh\develop\test\node_modules\grunt-contrib-uglify\package.json
17 verbose installManyTop reading scoped package data from F:\wgh\develop\test\node_modules\grunt-contrib-watch\package.json
18 verbose installManyTop reading scoped package data from F:\wgh\develop\test\node_modules\grunt-newer\package.json
19 verbose installManyTop reading scoped package data from F:\wgh\develop\test\node_modules\grunt-wiredep\package.json
20 verbose installManyTop reading scoped package data from F:\wgh\develop\test\node_modules\jshint-stylish\package.json
21 verbose installManyTop reading scoped package data from F:\wgh\develop\test\node_modules\load-grunt-tasks\package.json
22 verbose installManyTop reading scoped package data from F:\wgh\develop\test\node_modules\serve-index\package.json
23 verbose installManyTop reading scoped package data from F:\wgh\develop\test\node_modules\serve-static\package.json
24 verbose installManyTop reading scoped package data from F:\wgh\develop\test\node_modules\time-grunt\package.json
25 info package.json grunt-wiredep@3.0.1 No license field.
26 verbose readDependencies loading dependencies from F:\wgh\develop\test\package.json
27 silly cache add args [ 'angular-ui-bootstrap#0.12.0', null ]
28 verbose cache add spec angular-ui-bootstrap#0.12.0
29 silly cache add parsed spec Result {
29 silly cache add   raw: 'angular-ui-bootstrap#0.12.0',
29 silly cache add   scope: null,
29 silly cache add   name: null,
29 silly cache add   rawSpec: 'angular-ui-bootstrap#0.12.0',
29 silly cache add   spec: 'F:\\wgh\\develop\\test\\angular-ui-bootstrap#0.12.0',
29 silly cache add   type: 'local' }
30 error addLocal Could not install F:\wgh\develop\test\angular-ui-bootstrap#0.12.0
31 verbose stack Error: ENOENT: no such file or directory, open 'F:\wgh\develop\test\angular-ui-bootstrap#0.12.0'
31 verbose stack     at Error (native)
32 verbose cwd F:\wgh\develop\test
33 error Windows_NT 6.1.7601
34 error argv "F:\\wgh\\develop\\NVM\\nodejs\\node.exe" "F:\\wgh\\develop\\NVM\\nodejs\\node_modules\\npm\\bin\\npm-cli.js" "install" "angular-ui-bootstrap#0.12.0" "--save-dev"
35 error node v4.4.4
36 error npm  v2.15.1
37 error path F:\wgh\develop\test\angular-ui-bootstrap#0.12.0
38 error code ENOENT
39 error errno -4058
40 error syscall open
41 error enoent ENOENT: no such file or directory, open 'F:\wgh\develop\test\angular-ui-bootstrap#0.12.0'
41 error enoent This is most likely not a problem with npm itself
41 error enoent and is related to npm not being able to find a file.
42 verbose exit [ -4058, true ]
